<?xml version="1.0" encoding="UTF-8"?>
<!-- Generated by org.testng.reporters.JUnitReportReporter -->
<testsuite skipped="0" hostname="DA16010730" name="caseOfTest.LoginTest" tests="3" failures="0" timestamp="09 Nov 2018 21:44:33 GMT" time="72.587" errors="0">
  <testcase name="createQuoteWithData" time="30.359" classname="caseOfTest.LoginTest"/>
  <testcase name="loginCheck" time="9.214" classname="caseOfTest.LoginTest"/>
  <testcase name="openCreateQuote" time="33.014" classname="caseOfTest.LoginTest"/>
</testsuite> <!-- caseOfTest.LoginTest -->
