<?xml version="1.0" encoding="UTF-8"?>
<!-- Generated by org.testng.reporters.JUnitReportReporter -->
<testsuite skipped="0" hostname="DA16010730" name="caseOfTest.LoginTest" tests="4" failures="0" timestamp="10 Nov 2018 08:01:09 GMT" time="66.684" errors="0">
  <testcase name="loginCheck" time="10.891" classname="caseOfTest.LoginTest"/>
  <testcase name="openCreateQuote" time="42.861" classname="caseOfTest.LoginTest"/>
  <testcase name="createQuoteWithData" time="8.552" classname="caseOfTest.LoginTest"/>
  <testcase name="createQuoteWithData" time="4.380" classname="caseOfTest.LoginTest"/>
</testsuite> <!-- caseOfTest.LoginTest -->
