<?xml version="1.0" encoding="UTF-8"?>
<!-- Generated by org.testng.reporters.JUnitReportReporter -->
<testsuite skipped="0" hostname="DA16010730" name="caseOfTest.LoginTest" tests="1" failures="0" timestamp="09 Nov 2018 10:27:06 GMT" time="6.167" errors="0">
  <testcase name="loginCheck" time="6.167" classname="caseOfTest.LoginTest"/>
</testsuite> <!-- caseOfTest.LoginTest -->
